npoints = 12 20 240 
|Q_im| = -50.0 -140.0 1 1 
|Q_im| = -50.0 -120.0 1 2 
|Q_im| = -50.0 -100.0 1 3 
|Q_im| = -50.0 -80.0 1 4 
|Q_im| = -50.0 -60.0 1 5 
|Q_im| = -50.0 -40.0 1 6 
|Q_im| = -50.0 -20.0 1 7 
|Q_im| = -50.0 0.0 1 8 
|Q_im| = -50.0 20.0 1 9 
|Q_im| = -50.0 40.0 1 10 
|Q_im| = -50.0 60.0 1 11 
|Q_im| = -50.0 80.0 1 12 
|Q_im| = -50.0 100.0 1 13 
|Q_im| = -50.0 120.0 1 14 
|Q_im| = -50.0 140.0 1 15 
|Q_im| = -50.0 160.0 1 16 
|Q_im| = -50.0 180.0 1 17 
|Q_im| = -50.0 200.0 1 18 
|Q_im| = -50.0 220.0 1 19 
|Q_im| = -50.0 240.0 1 20 
|Q_im| = -40.0 -140.0 2 1 
|Q_im| = -40.0 -120.0 2 2 
|Q_im| = -40.0 -100.0 2 3 
|Q_im| = -40.0 -80.0 2 4 
|Q_im| = -40.0 -60.0 2 5 
|Q_im| = -40.0 -40.0 2 6 
|Q_im| = -40.0 -20.0 2 7 
|Q_im| = -40.0 0.0 2 8 
|Q_im| = -40.0 20.0 2 9 
|Q_im| = -40.0 40.0 2 10 
|Q_im| = -40.0 60.0 2 11 
|Q_im| = -40.0 80.0 2 12 
|Q_im| = -40.0 100.0 2 13 
|Q_im| = -40.0 120.0 2 14 
|Q_im| = -40.0 140.0 2 15 
|Q_im| = -40.0 160.0 2 16 
|Q_im| = -40.0 180.0 2 17 
|Q_im| = -40.0 200.0 2 18 
|Q_im| = -40.0 220.0 2 19 
|Q_im| = -40.0 240.0 2 20 
|Q_im| = -30.0 -140.0 3 1 
|Q_im| = -30.0 -120.0 3 2 
|Q_im| = -30.0 -100.0 3 3 
|Q_im| = -30.0 -80.0 3 4 
|Q_im| = -30.0 -60.0 3 5 
|Q_im| = -30.0 -40.0 3 6 
|Q_im| = -30.0 -20.0 3 7 
|Q_im| = -30.0 0.0 3 8 
|Q_im| = -30.0 20.0 3 9 
|Q_im| = -30.0 40.0 3 10 
|Q_im| = -30.0 60.0 3 11 
|Q_im| = -30.0 80.0 3 12 
|Q_im| = -30.0 100.0 3 13 
|Q_im| = -30.0 120.0 3 14 
|Q_im| = -30.0 140.0 3 15 
|Q_im| = -30.0 160.0 3 16 
|Q_im| = -30.0 180.0 3 17 
|Q_im| = -30.0 200.0 3 18 
|Q_im| = -30.0 220.0 3 19 
|Q_im| = -30.0 240.0 3 20 
|Q_im| = -20.0 -140.0 4 1 
|Q_im| = -20.0 -120.0 4 2 
|Q_im| = -20.0 -100.0 4 3 
|Q_im| = -20.0 -80.0 4 4 
|Q_im| = -20.0 -60.0 4 5 
|Q_im| = -20.0 -40.0 4 6 
|Q_im| = -20.0 -20.0 4 7 
|Q_im| = -20.0 0.0 4 8 
|Q_im| = -20.0 20.0 4 9 
|Q_im| = -20.0 40.0 4 10 
|Q_im| = -20.0 60.0 4 11 
|Q_im| = -20.0 80.0 4 12 
|Q_im| = -20.0 100.0 4 13 
|Q_im| = -20.0 120.0 4 14 
|Q_im| = -20.0 140.0 4 15 
|Q_im| = -20.0 160.0 4 16 
|Q_im| = -20.0 180.0 4 17 
|Q_im| = -20.0 200.0 4 18 
|Q_im| = -20.0 220.0 4 19 
|Q_im| = -20.0 240.0 4 20 
|Q_im| = -10.0 -140.0 5 1 
|Q_im| = -10.0 -120.0 5 2 
|Q_im| = -10.0 -100.0 5 3 
|Q_im| = -10.0 -80.0 5 4 
|Q_im| = -10.0 -60.0 5 5 
|Q_im| = -10.0 -40.0 5 6 
|Q_im| = -10.0 -20.0 5 7 
|Q_im| = -10.0 0.0 5 8 
|Q_im| = -10.0 20.0 5 9 
|Q_im| = -10.0 40.0 5 10 
|Q_im| = -10.0 60.0 5 11 
|Q_im| = -10.0 80.0 5 12 
|Q_im| = -10.0 100.0 5 13 
|Q_im| = -10.0 120.0 5 14 
|Q_im| = -10.0 140.0 5 15 
|Q_im| = -10.0 160.0 5 16 
|Q_im| = -10.0 180.0 5 17 
|Q_im| = -10.0 200.0 5 18 
|Q_im| = -10.0 220.0 5 19 
|Q_im| = -10.0 240.0 5 20 
|Q_im| = 0.0 -140.0 6 1 
|Q_im| = 0.0 -120.0 6 2 
|Q_im| = 0.0 -100.0 6 3 
|Q_im| = 0.0 -80.0 6 4 
|Q_im| = 0.0 -60.0 6 5 
|Q_im| = 0.0 -40.0 6 6 
|Q_im| = 0.0 -20.0 6 7 
|Q_im| = 0.0 0.0 6 8 
|Q_im| = 0.0 20.0 6 9 
|Q_im| = 0.0 40.0 6 10 
|Q_im| = 0.0 60.0 6 11 
|Q_im| = 0.0 80.0 6 12 
|Q_im| = 0.0 100.0 6 13 
|Q_im| = 0.0 120.0 6 14 
|Q_im| = 0.0 140.0 6 15 
|Q_im| = 0.0 160.0 6 16 
|Q_im| = 0.0 180.0 6 17 
|Q_im| = 0.0 200.0 6 18 
|Q_im| = 0.0 220.0 6 19 
|Q_im| = 0.0 240.0 6 20 
|Q_im| = 10.0 -140.0 7 1 
|Q_im| = 10.0 -120.0 7 2 
|Q_im| = 10.0 -100.0 7 3 
|Q_im| = 10.0 -80.0 7 4 
|Q_im| = 10.0 -60.0 7 5 
|Q_im| = 10.0 -40.0 7 6 
|Q_im| = 10.0 -20.0 7 7 
|Q_im| = 10.0 0.0 7 8 
|Q_im| = 10.0 20.0 7 9 
|Q_im| = 10.0 40.0 7 10 
|Q_im| = 10.0 60.0 7 11 
|Q_im| = 10.0 80.0 7 12 
|Q_im| = 10.0 100.0 7 13 
|Q_im| = 10.0 120.0 7 14 
|Q_im| = 10.0 140.0 7 15 
|Q_im| = 10.0 160.0 7 16 
|Q_im| = 10.0 180.0 7 17 
|Q_im| = 10.0 200.0 7 18 
|Q_im| = 10.0 220.0 7 19 
|Q_im| = 10.0 240.0 7 20 
|Q_im| = 20.0 -140.0 8 1 
|Q_im| = 20.0 -120.0 8 2 
|Q_im| = 20.0 -100.0 8 3 
|Q_im| = 20.0 -80.0 8 4 
|Q_im| = 20.0 -60.0 8 5 
|Q_im| = 20.0 -40.0 8 6 
|Q_im| = 20.0 -20.0 8 7 
|Q_im| = 20.0 0.0 8 8 
|Q_im| = 20.0 20.0 8 9 
|Q_im| = 20.0 40.0 8 10 
|Q_im| = 20.0 60.0 8 11 
|Q_im| = 20.0 80.0 8 12 
|Q_im| = 20.0 100.0 8 13 
|Q_im| = 20.0 120.0 8 14 
|Q_im| = 20.0 140.0 8 15 
|Q_im| = 20.0 160.0 8 16 
|Q_im| = 20.0 180.0 8 17 
|Q_im| = 20.0 200.0 8 18 
|Q_im| = 20.0 220.0 8 19 
|Q_im| = 20.0 240.0 8 20 
|Q_im| = 30.0 -140.0 9 1 
|Q_im| = 30.0 -120.0 9 2 
|Q_im| = 30.0 -100.0 9 3 
|Q_im| = 30.0 -80.0 9 4 
|Q_im| = 30.0 -60.0 9 5 
|Q_im| = 30.0 -40.0 9 6 
|Q_im| = 30.0 -20.0 9 7 
|Q_im| = 30.0 0.0 9 8 
|Q_im| = 30.0 20.0 9 9 
|Q_im| = 30.0 40.0 9 10 
|Q_im| = 30.0 60.0 9 11 
|Q_im| = 30.0 80.0 9 12 
|Q_im| = 30.0 100.0 9 13 
|Q_im| = 30.0 120.0 9 14 
|Q_im| = 30.0 140.0 9 15 
|Q_im| = 30.0 160.0 9 16 
|Q_im| = 30.0 180.0 9 17 
|Q_im| = 30.0 200.0 9 18 
|Q_im| = 30.0 220.0 9 19 
|Q_im| = 30.0 240.0 9 20 
|Q_im| = 40.0 -140.0 10 1 
|Q_im| = 40.0 -120.0 10 2 
|Q_im| = 40.0 -100.0 10 3 
|Q_im| = 40.0 -80.0 10 4 
|Q_im| = 40.0 -60.0 10 5 
|Q_im| = 40.0 -40.0 10 6 
|Q_im| = 40.0 -20.0 10 7 
|Q_im| = 40.0 0.0 10 8 
|Q_im| = 40.0 20.0 10 9 
|Q_im| = 40.0 40.0 10 10 
|Q_im| = 40.0 60.0 10 11 
|Q_im| = 40.0 80.0 10 12 
|Q_im| = 40.0 100.0 10 13 
|Q_im| = 40.0 120.0 10 14 
|Q_im| = 40.0 140.0 10 15 
|Q_im| = 40.0 160.0 10 16 
|Q_im| = 40.0 180.0 10 17 
|Q_im| = 40.0 200.0 10 18 
|Q_im| = 40.0 220.0 10 19 
|Q_im| = 40.0 240.0 10 20 
|Q_im| = 50.0 -140.0 11 1 
|Q_im| = 50.0 -120.0 11 2 
|Q_im| = 50.0 -100.0 11 3 
|Q_im| = 50.0 -80.0 11 4 
|Q_im| = 50.0 -60.0 11 5 
|Q_im| = 50.0 -40.0 11 6 
|Q_im| = 50.0 -20.0 11 7 
|Q_im| = 50.0 0.0 11 8 
|Q_im| = 50.0 20.0 11 9 
|Q_im| = 50.0 40.0 11 10 
|Q_im| = 50.0 60.0 11 11 
|Q_im| = 50.0 80.0 11 12 
|Q_im| = 50.0 100.0 11 13 
|Q_im| = 50.0 120.0 11 14 
|Q_im| = 50.0 140.0 11 15 
|Q_im| = 50.0 160.0 11 16 
|Q_im| = 50.0 180.0 11 17 
|Q_im| = 50.0 200.0 11 18 
|Q_im| = 50.0 220.0 11 19 
|Q_im| = 50.0 240.0 11 20 
|Q_im| = 60.0 -140.0 12 1 
|Q_im| = 60.0 -120.0 12 2 
|Q_im| = 60.0 -100.0 12 3 
|Q_im| = 60.0 -80.0 12 4 
|Q_im| = 60.0 -60.0 12 5 
|Q_im| = 60.0 -40.0 12 6 
|Q_im| = 60.0 -20.0 12 7 
|Q_im| = 60.0 0.0 12 8 
|Q_im| = 60.0 20.0 12 9 
|Q_im| = 60.0 40.0 12 10 
|Q_im| = 60.0 60.0 12 11 
|Q_im| = 60.0 80.0 12 12 
|Q_im| = 60.0 100.0 12 13 
|Q_im| = 60.0 120.0 12 14 
|Q_im| = 60.0 140.0 12 15 
|Q_im| = 60.0 160.0 12 16 
|Q_im| = 60.0 180.0 12 17 
|Q_im| = 60.0 200.0 12 18 
|Q_im| = 60.0 220.0 12 19 
|Q_im| = 60.0 240.0 12 20 
